$MeshFormat
2.2 0 8
$EndMeshFormat
$Nodes
7
1 0.0000000000E+000 0.0000000000E+000 0.0
2 0.0000000000E+000 1.0000000000E+000 0.0
3 1.0000000000E+000 1.0000000000E+000 0.0
4 -1.0000000000E-001 -1.0000000000E-001 0.0
5 -1.0000000000E-001 1.1000000000E+000 0.0
6 1.1000000000E+000 1.1000000000E+000 0.0
7 1.1000000000E+000 -1.0000000000E-001 0.0
$EndNodes
$Elements
8
1 2 0 4 7 1
2 2 0 6 7 3
3 2 0 1 7 3
4 2 0 5 6 3
5 2 0 4 5 2
6 2 0 1 4 2
7 2 0 2 5 3
8 2 0 1 2 3
$EndElements
$NodeData
1
"Delaunay_triangulation"
1
0.0
3
0
1
7
1 0.0000000000E+000
2 0.0000000000E+000
3 0.0000000000E+000
4 1.3154477009E-259
5 0.0000000000E+000
6 0.0000000000E+000
7 0.0000000000E+000
$EndNodeData